Arguments: 
  /usr/local/bin/node /usr/local/Cellar/yarn/1.22.5/libexec/bin/yarn.js add react-redux-firebaseclear

PATH: 
  /Library/Frameworks/Python.framework/Versions/3.8/bin://Users/alearanibar/codingcfv/mongo/bin:/Library/Frameworks/Python.framework/Versions/3.7/bin:/Library/Frameworks/Python.framework/Versions/3.7/bin:/usr/local/bin:/usr/bin:/bin:/usr/sbin:/sbin:/Library/Frameworks/Python.framework/Versions/3.8/bin://Users/alearanibar/codingcfv/mongo/bin:/Library/Frameworks/Python.framework/Versions/3.7/bin:/Users/alearanibar/Dev/apache-maven-3.3.9/bin:/Users/alearanibar/Dev/apache-maven-3.3.9/bin

Yarn version: 
  1.22.5

Node version: 
  14.15.1

Platform: 
  darwin x64

Trace: 
  Error: https://registry.yarnpkg.com/react-redux-firebaseclear: Not found
      at Request.params.callback [as _callback] (/usr/local/Cellar/yarn/1.22.5/libexec/lib/cli.js:66988:18)
      at Request.self.callback (/usr/local/Cellar/yarn/1.22.5/libexec/lib/cli.js:140749:22)
      at Request.emit (events.js:315:20)
      at Request.<anonymous> (/usr/local/Cellar/yarn/1.22.5/libexec/lib/cli.js:141721:10)
      at Request.emit (events.js:315:20)
      at IncomingMessage.<anonymous> (/usr/local/Cellar/yarn/1.22.5/libexec/lib/cli.js:141643:12)
      at Object.onceWrapper (events.js:421:28)
      at IncomingMessage.emit (events.js:327:22)
      at endReadableNT (_stream_readable.js:1327:12)
      at processTicksAndRejections (internal/process/task_queues.js:80:21)

npm manifest: 
  {
    "name": "JS-Big-O",
    "version": "1.0.0",
    "description": "Big O OBJECT METHODS Object.keys    = O(n) Object.values  = O(n) Object.entries = O(n) hasOwnProperty = O(n)",
    "main": "addUpTo.js",
    "scripts": {
      "test": "jest --coverage"
    },
    "repository": {
      "type": "git",
      "url": "git+https://github.com/primelos/JS-Big-O.git"
    },
    "keywords": [],
    "author": "",
    "license": "ISC",
    "bugs": {
      "url": "https://github.com/primelos/JS-Big-O/issues"
    },
    "homepage": "https://github.com/primelos/JS-Big-O#readme",
    "devDependencies": {
      "jest": "^26.6.3"
    }
  }

yarn manifest: 
  No manifest

Lockfile: 
  No lockfile
